{
    "timestamp": "2025-07-05 15:59:36",
    "session_user_id": 10,
    "session_role": "healthcare",
    "is_super_admin_session": "NOT SET",
    "posted_user_id": "10",
    "target_user_id": 10,
    "is_self": true,
    "from_url": "\/eyecheck\/backend\/auth\/change-password.php?id=10",
    "raw_post": {
        "user_id": "10",
        "new_password": "909090",
        "confirm_password": "909090"
    }
}

{
    "timestamp": "2025-07-05 16:03:58",
    "session_user_id": 12,
    "session_role": "admin",
    "is_super_admin_session": "NOT SET",
    "posted_user_id": "10",
    "target_user_id": 10,
    "is_self": false,
    "from_url": "\/eyecheck\/backend\/auth\/change-password.php?id=10",
    "raw_post": {
        "user_id": "10",
        "new_password": "909090",
        "confirm_password": "909090"
    }
}

{
    "timestamp": "2025-07-05 16:04:54",
    "session_user_id": 10,
    "session_role": "healthcare",
    "is_super_admin_session": "NOT SET",
    "posted_user_id": "10",
    "target_user_id": 10,
    "is_self": true,
    "from_url": "\/eyecheck\/backend\/auth\/change-password.php",
    "raw_post": {
        "user_id": "10",
        "current_password": "123321",
        "new_password": "888888",
        "confirm_password": "888888"
    }
}

{
    "timestamp": "2025-07-05 16:05:03",
    "session_user_id": 10,
    "session_role": "healthcare",
    "is_super_admin_session": "NOT SET",
    "posted_user_id": "10",
    "target_user_id": 10,
    "is_self": true,
    "from_url": "\/eyecheck\/backend\/auth\/change-password.php",
    "raw_post": {
        "user_id": "10",
        "current_password": "909090",
        "new_password": "888888",
        "confirm_password": "888888"
    }
}

{
    "timestamp": "2025-07-05 16:06:17",
    "session_user_id": 11,
    "session_role": "patient",
    "is_super_admin_session": "NOT SET",
    "posted_user_id": "11",
    "target_user_id": 11,
    "is_self": true,
    "from_url": "\/eyecheck\/backend\/auth\/change-password.php",
    "raw_post": {
        "user_id": "11",
        "current_password": "123321",
        "new_password": "111111",
        "confirm_password": "111111"
    }
}

{
    "timestamp": "2025-07-05 16:21:44",
    "session_user_id": 13,
    "session_role": "admin",
    "is_super_admin_session": 0,
    "posted_user_id": "10",
    "target_user_id": 10,
    "is_self": false,
    "from_url": "\/eyecheck\/backend\/auth\/change-password.php?id=10",
    "raw_post": {
        "user_id": "10",
        "new_password": "909090",
        "confirm_password": "909090"
    }
}

{
    "timestamp": "2025-07-05 16:22:39",
    "session_user_id": 12,
    "session_role": "admin",
    "is_super_admin_session": 1,
    "posted_user_id": "10",
    "target_user_id": 10,
    "is_self": false,
    "from_url": "\/eyecheck\/backend\/auth\/change-password.php?id=10",
    "raw_post": {
        "user_id": "10",
        "new_password": "999999",
        "confirm_password": "999999"
    }
}

{
    "timestamp": "2025-07-05 16:23:56",
    "session_user_id": 12,
    "session_role": "admin",
    "is_super_admin_session": 1,
    "posted_user_id": "10",
    "target_user_id": 10,
    "is_self": false,
    "from_url": "\/eyecheck\/backend\/auth\/change-password.php?id=10",
    "raw_post": {
        "user_id": "10",
        "new_password": "888888",
        "confirm_password": "888888"
    }
}

{
    "timestamp": "2025-07-05 16:24:56",
    "session_user_id": 12,
    "session_role": "admin",
    "is_super_admin_session": 1,
    "posted_user_id": "10",
    "target_user_id": 10,
    "is_self": false,
    "from_url": "\/eyecheck\/backend\/auth\/change-password.php?id=10",
    "raw_post": {
        "user_id": "10",
        "new_password": "888888",
        "confirm_password": "888888"
    }
}

{
    "timestamp": "2025-07-05 16:26:50",
    "session_user_id": 13,
    "session_role": "admin",
    "is_super_admin_session": 0,
    "posted_user_id": "10",
    "target_user_id": 10,
    "is_self": false,
    "from_url": "\/eyecheck\/backend\/auth\/change-password.php?id=10",
    "raw_post": {
        "user_id": "10",
        "new_password": "333333",
        "confirm_password": "333333"
    }
}

{
    "timestamp": "2025-07-05 16:27:10",
    "session_user_id": 10,
    "session_role": "healthcare",
    "is_super_admin_session": 0,
    "posted_user_id": "10",
    "target_user_id": 10,
    "is_self": true,
    "from_url": "\/eyecheck\/backend\/auth\/change-password.php",
    "raw_post": {
        "user_id": "10",
        "current_password": "888888",
        "new_password": "111111",
        "confirm_password": "111111"
    }
}

{
    "timestamp": "2025-07-05 16:27:16",
    "session_user_id": 10,
    "session_role": "healthcare",
    "is_super_admin_session": 0,
    "posted_user_id": "10",
    "target_user_id": 10,
    "is_self": true,
    "from_url": "\/eyecheck\/backend\/auth\/change-password.php",
    "raw_post": {
        "user_id": "10",
        "current_password": "333333",
        "new_password": "111111",
        "confirm_password": "111111"
    }
}

{
    "timestamp": "2025-07-06 13:21:40",
    "session_user_id": 27,
    "session_role": "admin",
    "is_super_admin_session": 1,
    "posted_user_id": "27",
    "target_user_id": 27,
    "is_self": true,
    "from_url": "\/eyecheck\/backend\/auth\/change-password.php",
    "raw_post": {
        "user_id": "27",
        "current_password": "EyeCheck@2024",
        "new_password": "930930940320",
        "confirm_password": "034304309032"
    }
}

{
    "timestamp": "2025-07-06 13:21:58",
    "session_user_id": 27,
    "session_role": "admin",
    "is_super_admin_session": 1,
    "posted_user_id": "27",
    "target_user_id": 27,
    "is_self": true,
    "from_url": "\/eyecheck\/backend\/auth\/change-password.php",
    "raw_post": {
        "user_id": "27",
        "current_password": "EyeCheck@2024",
        "new_password": "1234567890",
        "confirm_password": "1234567890"
    }
}

{
    "timestamp": "2025-07-06 19:38:20",
    "session_user_id": 27,
    "session_role": "admin",
    "is_super_admin_session": 1,
    "posted_user_id": "61",
    "target_user_id": 61,
    "is_self": false,
    "from_url": "\/eyecheck\/backend\/auth\/change-password.php?id=61",
    "raw_post": {
        "user_id": "61",
        "new_password": "12345678",
        "confirm_password": "12345678"
    }
}

{
    "timestamp": "2025-07-08 15:05:58",
    "session_user_id": 27,
    "session_role": "admin",
    "is_super_admin_session": 1,
    "posted_user_id": "62",
    "target_user_id": 62,
    "is_self": false,
    "from_url": "\/eyecheck\/backend\/auth\/change-password.php?id=62",
    "raw_post": {
        "user_id": "62",
        "new_password": "123321",
        "confirm_password": "123321"
    }
}

{
    "timestamp": "2025-07-09 08:54:51",
    "session_user_id": 64,
    "session_role": "healthcare",
    "is_super_admin_session": 0,
    "posted_user_id": "64",
    "target_user_id": 64,
    "is_self": true,
    "from_url": "\/eyecheck\/backend\/auth\/change-password.php",
    "raw_post": {
        "user_id": "64",
        "current_password": "123321",
        "new_password": "123456123",
        "confirm_password": "123456123"
    }
}

{
    "timestamp": "2025-07-09 08:56:14",
    "session_user_id": 59,
    "session_role": "patient",
    "is_super_admin_session": 0,
    "posted_user_id": "59",
    "target_user_id": 59,
    "is_self": true,
    "from_url": "\/eyecheck\/backend\/auth\/change-password.php",
    "raw_post": {
        "user_id": "59",
        "current_password": "123321",
        "new_password": "123123",
        "confirm_password": "123123"
    }
}

{
    "timestamp": "2025-08-08 13:45:51",
    "session_user_id": 1,
    "session_role": "patient",
    "is_super_admin_session": 0,
    "posted_user_id": "1",
    "target_user_id": 1,
    "is_self": true,
    "from_url": "\/eyecheck\/backend\/auth\/change-password.php",
    "raw_post": {
        "user_id": "1",
        "current_password": "123321",
        "new_password": "123456",
        "confirm_password": "1234567"
    }
}

{
    "timestamp": "2025-08-08 13:45:55",
    "session_user_id": 1,
    "session_role": "patient",
    "is_super_admin_session": 0,
    "posted_user_id": "1",
    "target_user_id": 1,
    "is_self": true,
    "from_url": "\/eyecheck\/backend\/auth\/change-password.php",
    "raw_post": {
        "user_id": "1",
        "current_password": "123321",
        "new_password": "1234567",
        "confirm_password": "1234567"
    }
}

{
    "timestamp": "2025-08-08 13:49:24",
    "session_user_id": 2,
    "session_role": "admin",
    "is_super_admin_session": 1,
    "posted_user_id": "3",
    "target_user_id": 3,
    "is_self": false,
    "from_url": "\/eyecheck\/backend\/auth\/change-password.php?id=3",
    "raw_post": {
        "user_id": "3",
        "new_password": "123321",
        "confirm_password": "123123"
    }
}

{
    "timestamp": "2025-08-08 13:49:32",
    "session_user_id": 2,
    "session_role": "admin",
    "is_super_admin_session": 1,
    "posted_user_id": "3",
    "target_user_id": 3,
    "is_self": false,
    "from_url": "\/eyecheck\/backend\/auth\/change-password.php?id=3",
    "raw_post": {
        "user_id": "3",
        "new_password": "123123",
        "confirm_password": "123123"
    }
}

