----- 2025-07-09 15:39:41 -----
Array
(
    [timestamp] => 2025-07-09 15:39:41
    [user_id] => 66
    [role] => healthcare
    [POST] => Array
        (
            [target_patient_id] => 78
            [role] => healthcare
        )

)


----- 2025-07-09 15:39:41 -----
Array
(
    [response] => Array
        (
            [success] => 1
            [message] => Patient and uploads deleted
        )

)


----- 2025-07-09 15:43:03 -----
Array
(
    [timestamp] => 2025-07-09 15:43:03
    [user_id] => 27
    [role] => admin
    [POST] => Array
        (
            [target_user_id] => 66
            [role] => admin
        )

)


----- 2025-07-09 15:43:03 -----
Array
(
    [response] => Array
        (
            [success] => 1
            [message] => Healthcare user and related data deleted
        )

)


----- 2025-07-09 15:47:43 -----
Array
(
    [timestamp] => 2025-07-09 15:47:43
    [user_id] => 27
    [role] => admin
    [POST] => Array
        (
            [target_user_id] => 52
            [role] => admin
        )

)


----- 2025-07-09 15:47:43 -----
Array
(
    [response] => Array
        (
            [success] => 1
            [message] => Healthcare user and related data deleted
        )

)


----- 2025-07-09 15:48:04 -----
Array
(
    [timestamp] => 2025-07-09 15:48:04
    [user_id] => 27
    [role] => admin
    [POST] => Array
        (
            [target_user_id] => 54
            [role] => admin
        )

)


----- 2025-07-09 15:48:04 -----
Array
(
    [response] => Array
        (
            [success] => 1
            [message] => User deleted
        )

)


----- 2025-07-09 15:51:29 -----
Array
(
    [timestamp] => 2025-07-09 15:51:29
    [user_id] => 27
    [role] => admin
    [POST] => Array
        (
            [target_user_id] => 63
            [role] => admin
        )

)


----- 2025-07-09 15:51:29 -----
Array
(
    [response] => Array
        (
            [success] => 1
            [message] => Patient user and all related data deleted
        )

)


----- 2025-07-09 15:52:36 -----
Array
(
    [timestamp] => 2025-07-09 15:52:36
    [user_id] => 27
    [role] => admin
    [POST] => Array
        (
            [target_user_id] => 59
            [role] => admin
        )

)


----- 2025-07-09 15:52:36 -----
Array
(
    [response] => Array
        (
            [success] => 1
            [message] => Patient user and all related data deleted
        )

)


----- 2025-07-09 17:52:31 -----
Array
(
    [timestamp] => 2025-07-09 17:52:31
    [user_id] => 27
    [role] => admin
    [POST] => Array
        (
            [target_user_id] => 79
            [role] => admin
        )

)


----- 2025-07-09 17:52:31 -----
Array
(
    [response] => Array
        (
            [success] => 
            [message] => User not found
        )

)


----- 2025-07-09 17:55:45 -----
Array
(
    [timestamp] => 2025-07-09 17:55:45
    [user_id] => 27
    [role] => admin
    [POST] => Array
        (
            [target_user_id] => 79
            [role] => admin
        )

)


----- 2025-07-09 17:55:45 -----
Array
(
    [response] => Array
        (
            [success] => 
            [message] => User not found
        )

)


----- 2025-07-09 18:03:43 -----
Array
(
    [timestamp] => 2025-07-09 18:03:43
    [user_id] => 27
    [role] => admin
    [POST] => Array
        (
            [target_user_id] => 79
            [role] => admin
        )

)


----- 2025-07-09 18:03:43 -----
Array
(
    [response] => Array
        (
            [success] => 
            [message] => User not found
        )

)


----- 2025-07-09 18:29:12 -----
Array
(
    [timestamp] => 2025-07-09 18:29:12
    [user_id] => 27
    [role] => admin
    [POST] => Array
        (
            [target_user_id] => 67
            [role] => admin
        )

)


----- 2025-07-09 18:29:13 -----
Array
(
    [response] => Array
        (
            [success] => 1
            [message] => Patient user and all related data deleted
        )

)


----- 2025-08-08 13:50:26 -----
Array
(
    [timestamp] => 2025-08-08 13:50:26
    [user_id] => 2
    [role] => admin
    [POST] => Array
        (
            [target_user_id] => 4
            [role] => admin
        )

)


----- 2025-08-08 13:50:26 -----
Array
(
    [response] => Array
        (
            [success] => 1
            [message] => Healthcare user and related data deleted
        )

)


